Removing stale pidfile /home/resonator/labrad/resonator/clients/twistd.pid
2013-04-25 19:15:46-0700 [-] Log opened.
2013-04-25 19:15:46-0700 [-] twistd 12.1.0 (/home/resonator/.virtualenvs/labrad/bin/python 2.7.3) starting up.
2013-04-25 19:15:46-0700 [-] reactor class: twisted.internet.epollreactor.EPollReactor.
2013-04-25 19:15:46-0700 [-] Connecting to localhost:7682...
2013-04-25 19:15:46-0700 [-] Starting factory <labrad.node.NodeServer instance at 0xc18320>
2013-04-25 19:15:46-0700 [Uninitialized] connected to 127.0.0.1:7682
2013-04-25 19:15:46-0700 [ServerProtocol,client] node resonatormain starting...
2013-04-25 19:15:46-0700 [ServerProtocol,client] config updated: ['/home/resonator/labrad/resonator/serialdevices', '/home/resonator/labrad/resonator/gpibservers', '/home/resonator/labrad/resonator/DAC', '/home/resonator/labrad/common/dataservers', '/home/resonator/labrad/common/serialdevices', '/home/resonator/labrad/common/gpibservers', '/home/resonator/labrad/common/dataflowservers', '/home/resonator/labrad/common/okfpgaservers/pulser'] ['labrad.servers'] ['.ini', '.py'] 
2013-04-25 19:15:46-0700 [ServerProtocol,client] node resonatormain now serving
2013-04-25 19:16:21-0700 [ServerProtocol,client] starting 'Data Vault'...
2013-04-25 19:16:21-0700 [ServerProtocol,client] path: /home/resonator/labrad/common/dataservers
2013-04-25 19:16:21-0700 [ServerProtocol,client] executable: /home/resonator/.virtualenvs/labrad/bin/python
2013-04-25 19:16:21-0700 [ServerProtocol,client] args: ['/home/resonator/.virtualenvs/labrad/bin/python', 'dvascii.py']
2013-04-25 19:16:22-0700 [ServerProtocol,client] starting 'Pulser'...
2013-04-25 19:16:22-0700 [ServerProtocol,client] path: /home/resonator/labrad/common/okfpgaservers/pulser
2013-04-25 19:16:22-0700 [ServerProtocol,client] executable: /home/resonator/.virtualenvs/labrad/bin/python
2013-04-25 19:16:22-0700 [ServerProtocol,client] args: ['/home/resonator/.virtualenvs/labrad/bin/python', 'pulser_ok.py']
2013-04-25 19:16:23-0700 [ServerProtocol,client] starting 'Tektronix Server'...
2013-04-25 19:16:23-0700 [ServerProtocol,client] path: /home/resonator/labrad/common/gpibservers
2013-04-25 19:16:23-0700 [ServerProtocol,client] executable: /home/resonator/.virtualenvs/labrad/bin/python
2013-04-25 19:16:23-0700 [ServerProtocol,client] args: ['/home/resonator/.virtualenvs/labrad/bin/python', 'tektronix_tds1002B.py']
2013-04-25 19:16:23-0700 [ServerProtocol,client] starting 'NormalPMTFlow'...
2013-04-25 19:16:23-0700 [ServerProtocol,client] path: /home/resonator/labrad/common/dataflowservers
2013-04-25 19:16:23-0700 [ServerProtocol,client] executable: /home/resonator/.virtualenvs/labrad/bin/python
2013-04-25 19:16:23-0700 [ServerProtocol,client] args: ['/home/resonator/.virtualenvs/labrad/bin/python', 'NormalPMTFlow.py']
2013-04-25 19:16:23-0700 [ServerProtocol,client] starting 'resonatormain Serial Server'...
2013-04-25 19:16:23-0700 [ServerProtocol,client] path: /home/resonator/labrad/common/serialdevices
2013-04-25 19:16:23-0700 [ServerProtocol,client] executable: /home/resonator/.virtualenvs/labrad/bin/python
2013-04-25 19:16:23-0700 [ServerProtocol,client] args: ['/home/resonator/.virtualenvs/labrad/bin/python', 'serial_server_v1_2.py']
2013-04-25 19:16:24-0700 [ServerProtocol,client] starting 'Marconi Server'...
2013-04-25 19:16:24-0700 [ServerProtocol,client] path: /home/resonator/labrad/resonator/serialdevices
2013-04-25 19:16:24-0700 [ServerProtocol,client] executable: /home/resonator/.virtualenvs/labrad/bin/python
2013-04-25 19:16:24-0700 [ServerProtocol,client] args: ['/home/resonator/.virtualenvs/labrad/bin/python', 'Marconi2024_Server.py']
2013-04-25 19:17:15-0700 [ServerProtocol,client] stopping 'Data Vault'...
2013-04-25 19:17:15-0700 [-] 'Data Vault': process closed cleanly.
2013-04-25 19:17:15-0700 [ServerProtocol,client] stopping 'Marconi Server'...
2013-04-25 19:17:15-0700 [-] 'Marconi Server': process closed cleanly.
2013-04-25 19:17:15-0700 [ServerProtocol,client] stopping 'NormalPMTFlow'...
2013-04-25 19:17:15-0700 [-] 'NormalPMTFlow': process closed cleanly.
2013-04-25 19:17:15-0700 [ServerProtocol,client] stopping 'Pulser'...
2013-04-25 19:17:15-0700 [-] 'Pulser': process closed cleanly.
2013-04-25 19:17:15-0700 [ServerProtocol,client] stopping 'resonatormain Serial Server'...
2013-04-25 19:17:15-0700 [-] 'resonatormain Serial Server': process closed cleanly.
2013-04-25 19:17:15-0700 [ServerProtocol,client] stopping 'Tektronix Server'...
2013-04-25 19:17:15-0700 [-] 'Tektronix Server': process closed cleanly.
